<?xml version="1.0" encoding="UTF-8"?>
<testsuite xmlns:xsi="http://www.w3.org/2001/XMLSchema-instance" xsi:noNamespaceSchemaLocation="https://maven.apache.org/surefire/maven-surefire-plugin/xsd/surefire-test-report.xsd" version="3.0.2" name="com.university.courseapi.controller.CourseControllerTest" time="1.007" tests="4" errors="0" skipped="0" failures="0">
  <properties>
[...]
</properties>
  <testcase name="createCourseWithInvalidBodyShouldReturnBadRequest" classname="com.university.courseapi.controller.CourseControllerTest" time="0.427">
    <system-out><![CDATA[16:34:25.158 [main] INFO org.springframework.test.context.support.AnnotationConfigContextLoaderUtils -- Could not detect default configuration classes for test class [com.university.courseapi.controller.CourseControllerTest]: CourseControllerTest does not declare any static, non-private, non-final, nested classes annotated with @Configuration.
16:34:25.200 [main] INFO org.springframework.boot.test.context.SpringBootTestContextBootstrapper -- Found @SpringBootConfiguration com.university.courseapi.CourseApiApplication for test class com.university.courseapi.controller.CourseControllerTest

  .   ____          _            __ _ _
 /\\ / ___'_ __ _ _(_)_ __  __ _ \ \ \ \
( ( )\___ | '_ | '_| | '_ \/ _` | \ \ \ \
 \\/  ___)| |_)| | | | | || (_| |  ) ) ) )
  '  |____| .__|_| |_|_| |_\__, | / / / /
 =========|_|==============|___/=/_/_/_/

 :: Spring Boot ::                (v3.4.3)

2026-03-09T16:34:25.332+05:30  INFO 8588 --- [CourseApiCrud] [           main] c.u.c.controller.CourseControllerTest    : Starting CourseControllerTest using Java 21.0.7 with PID 8588 (started by avinashreddypadala in /Users/avinashreddypadala/FULL STACK SKILL/Skill-7)
2026-03-09T16:34:25.333+05:30  INFO 8588 --- [CourseApiCrud] [           main] c.u.c.controller.CourseControllerTest    : No active profile set, falling back to 1 default profile: "default"
2026-03-09T16:34:25.659+05:30  INFO 8588 --- [CourseApiCrud] [           main] o.s.b.t.m.w.SpringBootMockServletContext : Initializing Spring TestDispatcherServlet ''
2026-03-09T16:34:25.659+05:30  INFO 8588 --- [CourseApiCrud] [           main] o.s.t.web.servlet.TestDispatcherServlet  : Initializing Servlet ''
2026-03-09T16:34:25.660+05:30  INFO 8588 --- [CourseApiCrud] [           main] o.s.t.web.servlet.TestDispatcherServlet  : Completed initialization in 0 ms
2026-03-09T16:34:25.668+05:30  INFO 8588 --- [CourseApiCrud] [           main] c.u.c.controller.CourseControllerTest    : Started CourseControllerTest in 0.425 seconds (process running for 0.744)
]]></system-out>
    <system-err><![CDATA[Mockito is currently self-attaching to enable the inline-mock-maker. This will no longer work in future releases of the JDK. Please add Mockito as an agent to your build what is described in Mockito's documentation: https://javadoc.io/doc/org.mockito/mockito-core/latest/org/mockito/Mockito.html#0.3
WARNING: A Java agent has been loaded dynamically (/Users/avinashreddypadala/.m2/repository/net/bytebuddy/byte-buddy-agent/1.15.11/byte-buddy-agent-1.15.11.jar)
WARNING: If a serviceability tool is in use, please run with -XX:+EnableDynamicAgentLoading to hide this warning
WARNING: If a serviceability tool is not in use, please run with -Djdk.instrument.traceUsage for more information
WARNING: Dynamic loading of agents will be disallowed by default in a future release
]]></system-err>
  </testcase>
  <testcase name="createCourseShouldReturnCreated" classname="com.university.courseapi.controller.CourseControllerTest" time="0.004"/>
  <testcase name="deleteMissingCourseShouldReturnNotFound" classname="com.university.courseapi.controller.CourseControllerTest" time="0.003"/>
  <testcase name="updateMissingCourseShouldReturnNotFound" classname="com.university.courseapi.controller.CourseControllerTest" time="0.002"/>
</testsuite>